CRITICAL - 2021-11-18 14:31:05 --> syntax error, unexpected 'return' (T_RETURN)
#0 C:\xampp\htdocs\animated-umbrella\system\Router\Router.php(160): CodeIgniter\Router\Router->autoRoute('home')
#1 C:\xampp\htdocs\animated-umbrella\system\CodeIgniter.php(702): CodeIgniter\Router\Router->handle('home')
#2 C:\xampp\htdocs\animated-umbrella\system\CodeIgniter.php(358): CodeIgniter\CodeIgniter->tryToRouteIt(Object(CodeIgniter\Router\RouteCollection))
#3 C:\xampp\htdocs\animated-umbrella\system\CodeIgniter.php(317): CodeIgniter\CodeIgniter->handleRequest(NULL, Object(Config\Cache), false)
#4 C:\xampp\htdocs\animated-umbrella\public\index.php(37): CodeIgniter\CodeIgniter->run()
#5 {main}
CRITICAL - 2021-11-18 14:33:21 --> syntax error, unexpected 'return' (T_RETURN)
#0 C:\xampp\htdocs\animated-umbrella\system\Router\Router.php(160): CodeIgniter\Router\Router->autoRoute('home')
#1 C:\xampp\htdocs\animated-umbrella\system\CodeIgniter.php(702): CodeIgniter\Router\Router->handle('home')
#2 C:\xampp\htdocs\animated-umbrella\system\CodeIgniter.php(358): CodeIgniter\CodeIgniter->tryToRouteIt(Object(CodeIgniter\Router\RouteCollection))
#3 C:\xampp\htdocs\animated-umbrella\system\CodeIgniter.php(317): CodeIgniter\CodeIgniter->handleRequest(NULL, Object(Config\Cache), false)
#4 C:\xampp\htdocs\animated-umbrella\public\index.php(37): CodeIgniter\CodeIgniter->run()
#5 {main}
CRITICAL - 2021-11-18 14:33:57 --> syntax error, unexpected '}'
#0 C:\xampp\htdocs\animated-umbrella\system\Router\Router.php(160): CodeIgniter\Router\Router->autoRoute('home')
#1 C:\xampp\htdocs\animated-umbrella\system\CodeIgniter.php(702): CodeIgniter\Router\Router->handle('home')
#2 C:\xampp\htdocs\animated-umbrella\system\CodeIgniter.php(358): CodeIgniter\CodeIgniter->tryToRouteIt(Object(CodeIgniter\Router\RouteCollection))
#3 C:\xampp\htdocs\animated-umbrella\system\CodeIgniter.php(317): CodeIgniter\CodeIgniter->handleRequest(NULL, Object(Config\Cache), false)
#4 C:\xampp\htdocs\animated-umbrella\public\index.php(37): CodeIgniter\CodeIgniter->run()
#5 {main}
CRITICAL - 2021-11-18 14:34:54 --> syntax error, unexpected 'print_r' (T_STRING)
#0 C:\xampp\htdocs\animated-umbrella\system\Router\Router.php(160): CodeIgniter\Router\Router->autoRoute('home')
#1 C:\xampp\htdocs\animated-umbrella\system\CodeIgniter.php(702): CodeIgniter\Router\Router->handle('home')
#2 C:\xampp\htdocs\animated-umbrella\system\CodeIgniter.php(358): CodeIgniter\CodeIgniter->tryToRouteIt(Object(CodeIgniter\Router\RouteCollection))
#3 C:\xampp\htdocs\animated-umbrella\system\CodeIgniter.php(317): CodeIgniter\CodeIgniter->handleRequest(NULL, Object(Config\Cache), false)
#4 C:\xampp\htdocs\animated-umbrella\public\index.php(37): CodeIgniter\CodeIgniter->run()
#5 {main}
CRITICAL - 2021-11-18 14:35:13 --> syntax error, unexpected 'print_r' (T_STRING)
#0 C:\xampp\htdocs\animated-umbrella\system\Router\Router.php(160): CodeIgniter\Router\Router->autoRoute('home')
#1 C:\xampp\htdocs\animated-umbrella\system\CodeIgniter.php(702): CodeIgniter\Router\Router->handle('home')
#2 C:\xampp\htdocs\animated-umbrella\system\CodeIgniter.php(358): CodeIgniter\CodeIgniter->tryToRouteIt(Object(CodeIgniter\Router\RouteCollection))
#3 C:\xampp\htdocs\animated-umbrella\system\CodeIgniter.php(317): CodeIgniter\CodeIgniter->handleRequest(NULL, Object(Config\Cache), false)
#4 C:\xampp\htdocs\animated-umbrella\public\index.php(37): CodeIgniter\CodeIgniter->run()
#5 {main}
CRITICAL - 2021-11-18 14:35:26 --> syntax error, unexpected 'print_r' (T_STRING)
#0 C:\xampp\htdocs\animated-umbrella\system\Router\Router.php(160): CodeIgniter\Router\Router->autoRoute('home')
#1 C:\xampp\htdocs\animated-umbrella\system\CodeIgniter.php(702): CodeIgniter\Router\Router->handle('home')
#2 C:\xampp\htdocs\animated-umbrella\system\CodeIgniter.php(358): CodeIgniter\CodeIgniter->tryToRouteIt(Object(CodeIgniter\Router\RouteCollection))
#3 C:\xampp\htdocs\animated-umbrella\system\CodeIgniter.php(317): CodeIgniter\CodeIgniter->handleRequest(NULL, Object(Config\Cache), false)
#4 C:\xampp\htdocs\animated-umbrella\public\index.php(37): CodeIgniter\CodeIgniter->run()
#5 {main}
CRITICAL - 2021-11-18 14:35:27 --> syntax error, unexpected 'print_r' (T_STRING)
#0 C:\xampp\htdocs\animated-umbrella\system\Router\Router.php(160): CodeIgniter\Router\Router->autoRoute('home')
#1 C:\xampp\htdocs\animated-umbrella\system\CodeIgniter.php(702): CodeIgniter\Router\Router->handle('home')
#2 C:\xampp\htdocs\animated-umbrella\system\CodeIgniter.php(358): CodeIgniter\CodeIgniter->tryToRouteIt(Object(CodeIgniter\Router\RouteCollection))
#3 C:\xampp\htdocs\animated-umbrella\system\CodeIgniter.php(317): CodeIgniter\CodeIgniter->handleRequest(NULL, Object(Config\Cache), false)
#4 C:\xampp\htdocs\animated-umbrella\public\index.php(37): CodeIgniter\CodeIgniter->run()
#5 {main}
CRITICAL - 2021-11-18 14:35:27 --> syntax error, unexpected 'print_r' (T_STRING)
#0 C:\xampp\htdocs\animated-umbrella\system\Router\Router.php(160): CodeIgniter\Router\Router->autoRoute('home')
#1 C:\xampp\htdocs\animated-umbrella\system\CodeIgniter.php(702): CodeIgniter\Router\Router->handle('home')
#2 C:\xampp\htdocs\animated-umbrella\system\CodeIgniter.php(358): CodeIgniter\CodeIgniter->tryToRouteIt(Object(CodeIgniter\Router\RouteCollection))
#3 C:\xampp\htdocs\animated-umbrella\system\CodeIgniter.php(317): CodeIgniter\CodeIgniter->handleRequest(NULL, Object(Config\Cache), false)
#4 C:\xampp\htdocs\animated-umbrella\public\index.php(37): CodeIgniter\CodeIgniter->run()
#5 {main}
CRITICAL - 2021-11-18 14:35:27 --> syntax error, unexpected 'print_r' (T_STRING)
#0 C:\xampp\htdocs\animated-umbrella\system\Router\Router.php(160): CodeIgniter\Router\Router->autoRoute('home')
#1 C:\xampp\htdocs\animated-umbrella\system\CodeIgniter.php(702): CodeIgniter\Router\Router->handle('home')
#2 C:\xampp\htdocs\animated-umbrella\system\CodeIgniter.php(358): CodeIgniter\CodeIgniter->tryToRouteIt(Object(CodeIgniter\Router\RouteCollection))
#3 C:\xampp\htdocs\animated-umbrella\system\CodeIgniter.php(317): CodeIgniter\CodeIgniter->handleRequest(NULL, Object(Config\Cache), false)
#4 C:\xampp\htdocs\animated-umbrella\public\index.php(37): CodeIgniter\CodeIgniter->run()
#5 {main}
CRITICAL - 2021-11-18 14:36:16 --> syntax error, unexpected '}'
#0 C:\xampp\htdocs\animated-umbrella\system\Router\Router.php(160): CodeIgniter\Router\Router->autoRoute('home')
#1 C:\xampp\htdocs\animated-umbrella\system\CodeIgniter.php(702): CodeIgniter\Router\Router->handle('home')
#2 C:\xampp\htdocs\animated-umbrella\system\CodeIgniter.php(358): CodeIgniter\CodeIgniter->tryToRouteIt(Object(CodeIgniter\Router\RouteCollection))
#3 C:\xampp\htdocs\animated-umbrella\system\CodeIgniter.php(317): CodeIgniter\CodeIgniter->handleRequest(NULL, Object(Config\Cache), false)
#4 C:\xampp\htdocs\animated-umbrella\public\index.php(37): CodeIgniter\CodeIgniter->run()
#5 {main}
CRITICAL - 2021-11-18 14:36:26 --> syntax error, unexpected '}'
#0 C:\xampp\htdocs\animated-umbrella\system\Router\Router.php(160): CodeIgniter\Router\Router->autoRoute('home')
#1 C:\xampp\htdocs\animated-umbrella\system\CodeIgniter.php(702): CodeIgniter\Router\Router->handle('home')
#2 C:\xampp\htdocs\animated-umbrella\system\CodeIgniter.php(358): CodeIgniter\CodeIgniter->tryToRouteIt(Object(CodeIgniter\Router\RouteCollection))
#3 C:\xampp\htdocs\animated-umbrella\system\CodeIgniter.php(317): CodeIgniter\CodeIgniter->handleRequest(NULL, Object(Config\Cache), false)
#4 C:\xampp\htdocs\animated-umbrella\public\index.php(37): CodeIgniter\CodeIgniter->run()
#5 {main}
CRITICAL - 2021-11-18 14:43:33 --> syntax error, unexpected '}'
#0 C:\xampp\htdocs\animated-umbrella\system\Router\Router.php(160): CodeIgniter\Router\Router->autoRoute('home')
#1 C:\xampp\htdocs\animated-umbrella\system\CodeIgniter.php(702): CodeIgniter\Router\Router->handle('home')
#2 C:\xampp\htdocs\animated-umbrella\system\CodeIgniter.php(358): CodeIgniter\CodeIgniter->tryToRouteIt(Object(CodeIgniter\Router\RouteCollection))
#3 C:\xampp\htdocs\animated-umbrella\system\CodeIgniter.php(317): CodeIgniter\CodeIgniter->handleRequest(NULL, Object(Config\Cache), false)
#4 C:\xampp\htdocs\animated-umbrella\public\index.php(37): CodeIgniter\CodeIgniter->run()
#5 {main}
CRITICAL - 2021-11-18 14:43:33 --> syntax error, unexpected '}'
#0 C:\xampp\htdocs\animated-umbrella\system\Router\Router.php(160): CodeIgniter\Router\Router->autoRoute('home')
#1 C:\xampp\htdocs\animated-umbrella\system\CodeIgniter.php(702): CodeIgniter\Router\Router->handle('home')
#2 C:\xampp\htdocs\animated-umbrella\system\CodeIgniter.php(358): CodeIgniter\CodeIgniter->tryToRouteIt(Object(CodeIgniter\Router\RouteCollection))
#3 C:\xampp\htdocs\animated-umbrella\system\CodeIgniter.php(317): CodeIgniter\CodeIgniter->handleRequest(NULL, Object(Config\Cache), false)
#4 C:\xampp\htdocs\animated-umbrella\public\index.php(37): CodeIgniter\CodeIgniter->run()
#5 {main}
CRITICAL - 2021-11-18 14:43:45 --> Class 'CodeIgniter\Database' not found
#0 C:\xampp\htdocs\animated-umbrella\system\CodeIgniter.php(802): App\Controllers\Home->index()
#1 C:\xampp\htdocs\animated-umbrella\system\CodeIgniter.php(399): CodeIgniter\CodeIgniter->runController(Object(App\Controllers\Home))
#2 C:\xampp\htdocs\animated-umbrella\system\CodeIgniter.php(317): CodeIgniter\CodeIgniter->handleRequest(NULL, Object(Config\Cache), false)
#3 C:\xampp\htdocs\animated-umbrella\public\index.php(37): CodeIgniter\CodeIgniter->run()
#4 {main}
CRITICAL - 2021-11-18 14:46:42 --> syntax error, unexpected '}'
#0 C:\xampp\htdocs\animated-umbrella\system\Router\Router.php(160): CodeIgniter\Router\Router->autoRoute('home')
#1 C:\xampp\htdocs\animated-umbrella\system\CodeIgniter.php(702): CodeIgniter\Router\Router->handle('home')
#2 C:\xampp\htdocs\animated-umbrella\system\CodeIgniter.php(358): CodeIgniter\CodeIgniter->tryToRouteIt(Object(CodeIgniter\Router\RouteCollection))
#3 C:\xampp\htdocs\animated-umbrella\system\CodeIgniter.php(317): CodeIgniter\CodeIgniter->handleRequest(NULL, Object(Config\Cache), false)
#4 C:\xampp\htdocs\animated-umbrella\public\index.php(37): CodeIgniter\CodeIgniter->run()
#5 {main}
CRITICAL - 2021-11-18 14:46:52 --> syntax error, unexpected '}'
#0 C:\xampp\htdocs\animated-umbrella\system\Router\Router.php(160): CodeIgniter\Router\Router->autoRoute('home')
#1 C:\xampp\htdocs\animated-umbrella\system\CodeIgniter.php(702): CodeIgniter\Router\Router->handle('home')
#2 C:\xampp\htdocs\animated-umbrella\system\CodeIgniter.php(358): CodeIgniter\CodeIgniter->tryToRouteIt(Object(CodeIgniter\Router\RouteCollection))
#3 C:\xampp\htdocs\animated-umbrella\system\CodeIgniter.php(317): CodeIgniter\CodeIgniter->handleRequest(NULL, Object(Config\Cache), false)
#4 C:\xampp\htdocs\animated-umbrella\public\index.php(37): CodeIgniter\CodeIgniter->run()
#5 {main}
CRITICAL - 2021-11-18 14:47:51 --> syntax error, unexpected '->' (T_OBJECT_OPERATOR)
#0 C:\xampp\htdocs\animated-umbrella\system\Router\Router.php(160): CodeIgniter\Router\Router->autoRoute('home')
#1 C:\xampp\htdocs\animated-umbrella\system\CodeIgniter.php(702): CodeIgniter\Router\Router->handle('home')
#2 C:\xampp\htdocs\animated-umbrella\system\CodeIgniter.php(358): CodeIgniter\CodeIgniter->tryToRouteIt(Object(CodeIgniter\Router\RouteCollection))
#3 C:\xampp\htdocs\animated-umbrella\system\CodeIgniter.php(317): CodeIgniter\CodeIgniter->handleRequest(NULL, Object(Config\Cache), false)
#4 C:\xampp\htdocs\animated-umbrella\public\index.php(37): CodeIgniter\CodeIgniter->run()
#5 {main}
CRITICAL - 2021-11-18 14:49:39 --> syntax error, unexpected '->' (T_OBJECT_OPERATOR)
#0 C:\xampp\htdocs\animated-umbrella\system\Router\Router.php(160): CodeIgniter\Router\Router->autoRoute('home')
#1 C:\xampp\htdocs\animated-umbrella\system\CodeIgniter.php(702): CodeIgniter\Router\Router->handle('home')
#2 C:\xampp\htdocs\animated-umbrella\system\CodeIgniter.php(358): CodeIgniter\CodeIgniter->tryToRouteIt(Object(CodeIgniter\Router\RouteCollection))
#3 C:\xampp\htdocs\animated-umbrella\system\CodeIgniter.php(317): CodeIgniter\CodeIgniter->handleRequest(NULL, Object(Config\Cache), false)
#4 C:\xampp\htdocs\animated-umbrella\public\index.php(37): CodeIgniter\CodeIgniter->run()
#5 {main}
ERROR - 2021-11-18 14:50:36 --> Error connecting to the database: Ac****ss denied for user '****'@'localhost' (using password: YES)
CRITICAL - 2021-11-18 14:50:36 --> Unable to connect to the database.
Main connection [MySQLi]: Ac****ss denied for user '****'@'localhost' (using password: YES)
#0 C:\xampp\htdocs\animated-umbrella\system\Database\BaseConnection.php(570): CodeIgniter\Database\BaseConnection->initialize()
#1 C:\xampp\htdocs\animated-umbrella\app\Controllers\Home.php(13): CodeIgniter\Database\BaseConnection->query('select * from C...')
#2 C:\xampp\htdocs\animated-umbrella\system\CodeIgniter.php(802): App\Controllers\Home->index()
#3 C:\xampp\htdocs\animated-umbrella\system\CodeIgniter.php(399): CodeIgniter\CodeIgniter->runController(Object(App\Controllers\Home))
#4 C:\xampp\htdocs\animated-umbrella\system\CodeIgniter.php(317): CodeIgniter\CodeIgniter->handleRequest(NULL, Object(Config\Cache), false)
#5 C:\xampp\htdocs\animated-umbrella\public\index.php(37): CodeIgniter\CodeIgniter->run()
#6 {main}
ERROR - 2021-11-18 14:51:10 --> Error connecting to the database: Ac****ss denied for user '****'@'localhost' (using password: YES)
CRITICAL - 2021-11-18 14:51:10 --> Unable to connect to the database.
Main connection [MySQLi]: Ac****ss denied for user '****'@'localhost' (using password: YES)
#0 C:\xampp\htdocs\animated-umbrella\system\Database\BaseConnection.php(570): CodeIgniter\Database\BaseConnection->initialize()
#1 C:\xampp\htdocs\animated-umbrella\app\Controllers\Home.php(13): CodeIgniter\Database\BaseConnection->query('select * from C...')
#2 C:\xampp\htdocs\animated-umbrella\system\CodeIgniter.php(802): App\Controllers\Home->index()
#3 C:\xampp\htdocs\animated-umbrella\system\CodeIgniter.php(399): CodeIgniter\CodeIgniter->runController(Object(App\Controllers\Home))
#4 C:\xampp\htdocs\animated-umbrella\system\CodeIgniter.php(317): CodeIgniter\CodeIgniter->handleRequest(NULL, Object(Config\Cache), false)
#5 C:\xampp\htdocs\animated-umbrella\public\index.php(37): CodeIgniter\CodeIgniter->run()
#6 {main}
ERROR - 2021-11-18 14:51:11 --> Error connecting to the database: Ac****ss denied for user '****'@'localhost' (using password: YES)
CRITICAL - 2021-11-18 14:51:11 --> Unable to connect to the database.
Main connection [MySQLi]: Ac****ss denied for user '****'@'localhost' (using password: YES)
#0 C:\xampp\htdocs\animated-umbrella\system\Database\BaseConnection.php(570): CodeIgniter\Database\BaseConnection->initialize()
#1 C:\xampp\htdocs\animated-umbrella\app\Controllers\Home.php(13): CodeIgniter\Database\BaseConnection->query('select * from C...')
#2 C:\xampp\htdocs\animated-umbrella\system\CodeIgniter.php(802): App\Controllers\Home->index()
#3 C:\xampp\htdocs\animated-umbrella\system\CodeIgniter.php(399): CodeIgniter\CodeIgniter->runController(Object(App\Controllers\Home))
#4 C:\xampp\htdocs\animated-umbrella\system\CodeIgniter.php(317): CodeIgniter\CodeIgniter->handleRequest(NULL, Object(Config\Cache), false)
#5 C:\xampp\htdocs\animated-umbrella\public\index.php(37): CodeIgniter\CodeIgniter->run()
#6 {main}
ERROR - 2021-11-18 14:51:11 --> Error connecting to the database: Ac****ss denied for user '****'@'localhost' (using password: YES)
CRITICAL - 2021-11-18 14:51:11 --> Unable to connect to the database.
Main connection [MySQLi]: Ac****ss denied for user '****'@'localhost' (using password: YES)
#0 C:\xampp\htdocs\animated-umbrella\system\Database\BaseConnection.php(570): CodeIgniter\Database\BaseConnection->initialize()
#1 C:\xampp\htdocs\animated-umbrella\app\Controllers\Home.php(13): CodeIgniter\Database\BaseConnection->query('select * from C...')
#2 C:\xampp\htdocs\animated-umbrella\system\CodeIgniter.php(802): App\Controllers\Home->index()
#3 C:\xampp\htdocs\animated-umbrella\system\CodeIgniter.php(399): CodeIgniter\CodeIgniter->runController(Object(App\Controllers\Home))
#4 C:\xampp\htdocs\animated-umbrella\system\CodeIgniter.php(317): CodeIgniter\CodeIgniter->handleRequest(NULL, Object(Config\Cache), false)
#5 C:\xampp\htdocs\animated-umbrella\public\index.php(37): CodeIgniter\CodeIgniter->run()
#6 {main}
ERROR - 2021-11-18 14:52:12 --> Error connecting to the database: Ac****ss denied for user '****'@'localhost' (using password: YES)
CRITICAL - 2021-11-18 14:52:12 --> Unable to connect to the database.
Main connection [MySQLi]: Ac****ss denied for user '****'@'localhost' (using password: YES)
#0 C:\xampp\htdocs\animated-umbrella\system\Database\BaseConnection.php(570): CodeIgniter\Database\BaseConnection->initialize()
#1 C:\xampp\htdocs\animated-umbrella\app\Controllers\Home.php(13): CodeIgniter\Database\BaseConnection->query('select * from C...')
#2 C:\xampp\htdocs\animated-umbrella\system\CodeIgniter.php(802): App\Controllers\Home->index()
#3 C:\xampp\htdocs\animated-umbrella\system\CodeIgniter.php(399): CodeIgniter\CodeIgniter->runController(Object(App\Controllers\Home))
#4 C:\xampp\htdocs\animated-umbrella\system\CodeIgniter.php(317): CodeIgniter\CodeIgniter->handleRequest(NULL, Object(Config\Cache), false)
#5 C:\xampp\htdocs\animated-umbrella\public\index.php(37): CodeIgniter\CodeIgniter->run()
#6 {main}
ERROR - 2021-11-18 14:52:13 --> Error connecting to the database: Ac****ss denied for user '****'@'localhost' (using password: YES)
CRITICAL - 2021-11-18 14:52:13 --> Unable to connect to the database.
Main connection [MySQLi]: Ac****ss denied for user '****'@'localhost' (using password: YES)
#0 C:\xampp\htdocs\animated-umbrella\system\Database\BaseConnection.php(570): CodeIgniter\Database\BaseConnection->initialize()
#1 C:\xampp\htdocs\animated-umbrella\app\Controllers\Home.php(13): CodeIgniter\Database\BaseConnection->query('select * from C...')
#2 C:\xampp\htdocs\animated-umbrella\system\CodeIgniter.php(802): App\Controllers\Home->index()
#3 C:\xampp\htdocs\animated-umbrella\system\CodeIgniter.php(399): CodeIgniter\CodeIgniter->runController(Object(App\Controllers\Home))
#4 C:\xampp\htdocs\animated-umbrella\system\CodeIgniter.php(317): CodeIgniter\CodeIgniter->handleRequest(NULL, Object(Config\Cache), false)
#5 C:\xampp\htdocs\animated-umbrella\public\index.php(37): CodeIgniter\CodeIgniter->run()
#6 {main}
ERROR - 2021-11-18 14:52:14 --> Error connecting to the database: Ac****ss denied for user '****'@'localhost' (using password: YES)
CRITICAL - 2021-11-18 14:52:14 --> Unable to connect to the database.
Main connection [MySQLi]: Ac****ss denied for user '****'@'localhost' (using password: YES)
#0 C:\xampp\htdocs\animated-umbrella\system\Database\BaseConnection.php(570): CodeIgniter\Database\BaseConnection->initialize()
#1 C:\xampp\htdocs\animated-umbrella\app\Controllers\Home.php(13): CodeIgniter\Database\BaseConnection->query('select * from C...')
#2 C:\xampp\htdocs\animated-umbrella\system\CodeIgniter.php(802): App\Controllers\Home->index()
#3 C:\xampp\htdocs\animated-umbrella\system\CodeIgniter.php(399): CodeIgniter\CodeIgniter->runController(Object(App\Controllers\Home))
#4 C:\xampp\htdocs\animated-umbrella\system\CodeIgniter.php(317): CodeIgniter\CodeIgniter->handleRequest(NULL, Object(Config\Cache), false)
#5 C:\xampp\htdocs\animated-umbrella\public\index.php(37): CodeIgniter\CodeIgniter->run()
#6 {main}
ERROR - 2021-11-18 14:52:15 --> Error connecting to the database: Ac****ss denied for user '****'@'localhost' (using password: YES)
CRITICAL - 2021-11-18 14:52:15 --> Unable to connect to the database.
Main connection [MySQLi]: Ac****ss denied for user '****'@'localhost' (using password: YES)
#0 C:\xampp\htdocs\animated-umbrella\system\Database\BaseConnection.php(570): CodeIgniter\Database\BaseConnection->initialize()
#1 C:\xampp\htdocs\animated-umbrella\app\Controllers\Home.php(13): CodeIgniter\Database\BaseConnection->query('select * from C...')
#2 C:\xampp\htdocs\animated-umbrella\system\CodeIgniter.php(802): App\Controllers\Home->index()
#3 C:\xampp\htdocs\animated-umbrella\system\CodeIgniter.php(399): CodeIgniter\CodeIgniter->runController(Object(App\Controllers\Home))
#4 C:\xampp\htdocs\animated-umbrella\system\CodeIgniter.php(317): CodeIgniter\CodeIgniter->handleRequest(NULL, Object(Config\Cache), false)
#5 C:\xampp\htdocs\animated-umbrella\public\index.php(37): CodeIgniter\CodeIgniter->run()
#6 {main}
ERROR - 2021-11-18 14:52:28 --> Error connecting to the database: Ac****ss denied for user '****'@'localhost' (using password: YES)
CRITICAL - 2021-11-18 14:52:28 --> Unable to connect to the database.
Main connection [MySQLi]: Ac****ss denied for user '****'@'localhost' (using password: YES)
#0 C:\xampp\htdocs\animated-umbrella\system\Database\BaseConnection.php(570): CodeIgniter\Database\BaseConnection->initialize()
#1 C:\xampp\htdocs\animated-umbrella\app\Controllers\Home.php(13): CodeIgniter\Database\BaseConnection->query('select * from C...')
#2 C:\xampp\htdocs\animated-umbrella\system\CodeIgniter.php(802): App\Controllers\Home->index()
#3 C:\xampp\htdocs\animated-umbrella\system\CodeIgniter.php(399): CodeIgniter\CodeIgniter->runController(Object(App\Controllers\Home))
#4 C:\xampp\htdocs\animated-umbrella\system\CodeIgniter.php(317): CodeIgniter\CodeIgniter->handleRequest(NULL, Object(Config\Cache), false)
#5 C:\xampp\htdocs\animated-umbrella\public\index.php(37): CodeIgniter\CodeIgniter->run()
#6 {main}
ERROR - 2021-11-18 14:52:29 --> Error connecting to the database: Ac****ss denied for user '****'@'localhost' (using password: YES)
CRITICAL - 2021-11-18 14:52:29 --> Unable to connect to the database.
Main connection [MySQLi]: Ac****ss denied for user '****'@'localhost' (using password: YES)
#0 C:\xampp\htdocs\animated-umbrella\system\Database\BaseConnection.php(570): CodeIgniter\Database\BaseConnection->initialize()
#1 C:\xampp\htdocs\animated-umbrella\app\Controllers\Home.php(13): CodeIgniter\Database\BaseConnection->query('select * from C...')
#2 C:\xampp\htdocs\animated-umbrella\system\CodeIgniter.php(802): App\Controllers\Home->index()
#3 C:\xampp\htdocs\animated-umbrella\system\CodeIgniter.php(399): CodeIgniter\CodeIgniter->runController(Object(App\Controllers\Home))
#4 C:\xampp\htdocs\animated-umbrella\system\CodeIgniter.php(317): CodeIgniter\CodeIgniter->handleRequest(NULL, Object(Config\Cache), false)
#5 C:\xampp\htdocs\animated-umbrella\public\index.php(37): CodeIgniter\CodeIgniter->run()
#6 {main}
ERROR - 2021-11-18 14:52:29 --> Error connecting to the database: Ac****ss denied for user '****'@'localhost' (using password: YES)
CRITICAL - 2021-11-18 14:52:29 --> Unable to connect to the database.
Main connection [MySQLi]: Ac****ss denied for user '****'@'localhost' (using password: YES)
#0 C:\xampp\htdocs\animated-umbrella\system\Database\BaseConnection.php(570): CodeIgniter\Database\BaseConnection->initialize()
#1 C:\xampp\htdocs\animated-umbrella\app\Controllers\Home.php(13): CodeIgniter\Database\BaseConnection->query('select * from C...')
#2 C:\xampp\htdocs\animated-umbrella\system\CodeIgniter.php(802): App\Controllers\Home->index()
#3 C:\xampp\htdocs\animated-umbrella\system\CodeIgniter.php(399): CodeIgniter\CodeIgniter->runController(Object(App\Controllers\Home))
#4 C:\xampp\htdocs\animated-umbrella\system\CodeIgniter.php(317): CodeIgniter\CodeIgniter->handleRequest(NULL, Object(Config\Cache), false)
#5 C:\xampp\htdocs\animated-umbrella\public\index.php(37): CodeIgniter\CodeIgniter->run()
#6 {main}
ERROR - 2021-11-18 14:52:29 --> Error connecting to the database: Ac****ss denied for user '****'@'localhost' (using password: YES)
CRITICAL - 2021-11-18 14:52:29 --> Unable to connect to the database.
Main connection [MySQLi]: Ac****ss denied for user '****'@'localhost' (using password: YES)
#0 C:\xampp\htdocs\animated-umbrella\system\Database\BaseConnection.php(570): CodeIgniter\Database\BaseConnection->initialize()
#1 C:\xampp\htdocs\animated-umbrella\app\Controllers\Home.php(13): CodeIgniter\Database\BaseConnection->query('select * from C...')
#2 C:\xampp\htdocs\animated-umbrella\system\CodeIgniter.php(802): App\Controllers\Home->index()
#3 C:\xampp\htdocs\animated-umbrella\system\CodeIgniter.php(399): CodeIgniter\CodeIgniter->runController(Object(App\Controllers\Home))
#4 C:\xampp\htdocs\animated-umbrella\system\CodeIgniter.php(317): CodeIgniter\CodeIgniter->handleRequest(NULL, Object(Config\Cache), false)
#5 C:\xampp\htdocs\animated-umbrella\public\index.php(37): CodeIgniter\CodeIgniter->run()
#6 {main}
ERROR - 2021-11-18 14:52:45 --> Error connecting to the database: Unknown database 'animated_umbrella'
CRITICAL - 2021-11-18 14:52:45 --> Unable to connect to the database.
Main connection [MySQLi]: Unknown database 'animated_umbrella'
#0 C:\xampp\htdocs\animated-umbrella\system\Database\BaseConnection.php(570): CodeIgniter\Database\BaseConnection->initialize()
#1 C:\xampp\htdocs\animated-umbrella\app\Controllers\Home.php(13): CodeIgniter\Database\BaseConnection->query('select * from C...')
#2 C:\xampp\htdocs\animated-umbrella\system\CodeIgniter.php(802): App\Controllers\Home->index()
#3 C:\xampp\htdocs\animated-umbrella\system\CodeIgniter.php(399): CodeIgniter\CodeIgniter->runController(Object(App\Controllers\Home))
#4 C:\xampp\htdocs\animated-umbrella\system\CodeIgniter.php(317): CodeIgniter\CodeIgniter->handleRequest(NULL, Object(Config\Cache), false)
#5 C:\xampp\htdocs\animated-umbrella\public\index.php(37): CodeIgniter\CodeIgniter->run()
#6 {main}
ERROR - 2021-11-18 14:53:20 --> Error connecting to the database: Ac****ss denied for user '****'@'localhost' (using password: YES)
CRITICAL - 2021-11-18 14:53:20 --> Unable to connect to the database.
Main connection [MySQLi]: Ac****ss denied for user '****'@'localhost' (using password: YES)
#0 C:\xampp\htdocs\animated-umbrella\system\Database\BaseConnection.php(570): CodeIgniter\Database\BaseConnection->initialize()
#1 C:\xampp\htdocs\animated-umbrella\app\Controllers\Home.php(13): CodeIgniter\Database\BaseConnection->query('select * from C...')
#2 C:\xampp\htdocs\animated-umbrella\system\CodeIgniter.php(802): App\Controllers\Home->index()
#3 C:\xampp\htdocs\animated-umbrella\system\CodeIgniter.php(399): CodeIgniter\CodeIgniter->runController(Object(App\Controllers\Home))
#4 C:\xampp\htdocs\animated-umbrella\system\CodeIgniter.php(317): CodeIgniter\CodeIgniter->handleRequest(NULL, Object(Config\Cache), false)
#5 C:\xampp\htdocs\animated-umbrella\public\index.php(37): CodeIgniter\CodeIgniter->run()
#6 {main}
ERROR - 2021-11-18 14:53:52 --> Error connecting to the database: Ac****ss denied for user '****'@'localhost' (using password: YES)
CRITICAL - 2021-11-18 14:53:52 --> Unable to connect to the database.
Main connection [MySQLi]: Ac****ss denied for user '****'@'localhost' (using password: YES)
#0 C:\xampp\htdocs\animated-umbrella\system\Database\BaseConnection.php(570): CodeIgniter\Database\BaseConnection->initialize()
#1 C:\xampp\htdocs\animated-umbrella\app\Controllers\Home.php(13): CodeIgniter\Database\BaseConnection->query('select * from C...')
#2 C:\xampp\htdocs\animated-umbrella\system\CodeIgniter.php(802): App\Controllers\Home->index()
#3 C:\xampp\htdocs\animated-umbrella\system\CodeIgniter.php(399): CodeIgniter\CodeIgniter->runController(Object(App\Controllers\Home))
#4 C:\xampp\htdocs\animated-umbrella\system\CodeIgniter.php(317): CodeIgniter\CodeIgniter->handleRequest(NULL, Object(Config\Cache), false)
#5 C:\xampp\htdocs\animated-umbrella\public\index.php(37): CodeIgniter\CodeIgniter->run()
#6 {main}
