ERROR - 2021-11-23 02:55:12 --> You have an error in your SQL syntax; check the manual that corresponds to your MariaDB server version for the right syntax to use near '' at line 2
CRITICAL - 2021-11-23 02:55:12 --> Call to a member function getRow() on bool
#0 C:\xampp\htdocs\animated-umbrella\app\Controllers\Product.php(23): App\Models\CartModel->addItem('')
#1 C:\xampp\htdocs\animated-umbrella\system\CodeIgniter.php(802): App\Controllers\Product->addCart()
#2 C:\xampp\htdocs\animated-umbrella\system\CodeIgniter.php(399): CodeIgniter\CodeIgniter->runController(Object(App\Controllers\Product))
#3 C:\xampp\htdocs\animated-umbrella\system\CodeIgniter.php(317): CodeIgniter\CodeIgniter->handleRequest(NULL, Object(Config\Cache), false)
#4 C:\xampp\htdocs\animated-umbrella\public\index.php(37): CodeIgniter\CodeIgniter->run()
#5 {main}
CRITICAL - 2021-11-23 10:52:48 --> syntax error, unexpected end of file
#0 C:\xampp\htdocs\animated-umbrella\system\View\View.php(217): CodeIgniter\View\View->CodeIgniter\View\{closure}()
#1 C:\xampp\htdocs\animated-umbrella\system\Common.php(1092): CodeIgniter\View\View->render('ConfirmPurchage...', Array, true)
#2 C:\xampp\htdocs\animated-umbrella\app\Controllers\Confirm.php(13): view('ConfirmPurchage...', Array)
#3 C:\xampp\htdocs\animated-umbrella\system\CodeIgniter.php(802): App\Controllers\Confirm->index()
#4 C:\xampp\htdocs\animated-umbrella\system\CodeIgniter.php(399): CodeIgniter\CodeIgniter->runController(Object(App\Controllers\Confirm))
#5 C:\xampp\htdocs\animated-umbrella\system\CodeIgniter.php(317): CodeIgniter\CodeIgniter->handleRequest(NULL, Object(Config\Cache), false)
#6 C:\xampp\htdocs\animated-umbrella\public\index.php(37): CodeIgniter\CodeIgniter->run()
#7 {main}
CRITICAL - 2021-11-23 10:58:33 --> syntax error, unexpected end of file
#0 C:\xampp\htdocs\animated-umbrella\system\View\View.php(217): CodeIgniter\View\View->CodeIgniter\View\{closure}()
#1 C:\xampp\htdocs\animated-umbrella\system\Common.php(1092): CodeIgniter\View\View->render('ConfirmPurchage...', Array, true)
#2 C:\xampp\htdocs\animated-umbrella\app\Controllers\Confirm.php(13): view('ConfirmPurchage...', Array)
#3 C:\xampp\htdocs\animated-umbrella\system\CodeIgniter.php(802): App\Controllers\Confirm->index()
#4 C:\xampp\htdocs\animated-umbrella\system\CodeIgniter.php(399): CodeIgniter\CodeIgniter->runController(Object(App\Controllers\Confirm))
#5 C:\xampp\htdocs\animated-umbrella\system\CodeIgniter.php(317): CodeIgniter\CodeIgniter->handleRequest(NULL, Object(Config\Cache), false)
#6 C:\xampp\htdocs\animated-umbrella\public\index.php(37): CodeIgniter\CodeIgniter->run()
#7 {main}
CRITICAL - 2021-11-23 10:59:45 --> syntax error, unexpected end of file
#0 C:\xampp\htdocs\animated-umbrella\system\View\View.php(217): CodeIgniter\View\View->CodeIgniter\View\{closure}()
#1 C:\xampp\htdocs\animated-umbrella\system\Common.php(1092): CodeIgniter\View\View->render('ConfirmPurchage...', Array, true)
#2 C:\xampp\htdocs\animated-umbrella\app\Controllers\Confirm.php(13): view('ConfirmPurchage...', Array)
#3 C:\xampp\htdocs\animated-umbrella\system\CodeIgniter.php(802): App\Controllers\Confirm->index()
#4 C:\xampp\htdocs\animated-umbrella\system\CodeIgniter.php(399): CodeIgniter\CodeIgniter->runController(Object(App\Controllers\Confirm))
#5 C:\xampp\htdocs\animated-umbrella\system\CodeIgniter.php(317): CodeIgniter\CodeIgniter->handleRequest(NULL, Object(Config\Cache), false)
#6 C:\xampp\htdocs\animated-umbrella\public\index.php(37): CodeIgniter\CodeIgniter->run()
#7 {main}
CRITICAL - 2021-11-23 12:41:04 --> Call to a member function post() on null
#0 C:\xampp\htdocs\animated-umbrella\system\CodeIgniter.php(802): App\Controllers\Confirm->register()
#1 C:\xampp\htdocs\animated-umbrella\system\CodeIgniter.php(399): CodeIgniter\CodeIgniter->runController(Object(App\Controllers\Confirm))
#2 C:\xampp\htdocs\animated-umbrella\system\CodeIgniter.php(317): CodeIgniter\CodeIgniter->handleRequest(NULL, Object(Config\Cache), false)
#3 C:\xampp\htdocs\animated-umbrella\public\index.php(37): CodeIgniter\CodeIgniter->run()
#4 {main}
CRITICAL - 2021-11-23 13:03:51 --> Call to a member function post() on null
#0 C:\xampp\htdocs\animated-umbrella\system\CodeIgniter.php(802): App\Controllers\Confirm->register()
#1 C:\xampp\htdocs\animated-umbrella\system\CodeIgniter.php(399): CodeIgniter\CodeIgniter->runController(Object(App\Controllers\Confirm))
#2 C:\xampp\htdocs\animated-umbrella\system\CodeIgniter.php(317): CodeIgniter\CodeIgniter->handleRequest(NULL, Object(Config\Cache), false)
#3 C:\xampp\htdocs\animated-umbrella\public\index.php(37): CodeIgniter\CodeIgniter->run()
#4 {main}
CRITICAL - 2021-11-23 15:44:37 --> Call to undefined method App\Models\OrderModel::register
#0 C:\xampp\htdocs\animated-umbrella\app\Controllers\Confirm.php(36): CodeIgniter\Model->__call('register', Array)
#1 C:\xampp\htdocs\animated-umbrella\app\Controllers\Confirm.php(20): App\Controllers\Confirm->registerOrder(Array)
#2 C:\xampp\htdocs\animated-umbrella\system\CodeIgniter.php(802): App\Controllers\Confirm->register()
#3 C:\xampp\htdocs\animated-umbrella\system\CodeIgniter.php(399): CodeIgniter\CodeIgniter->runController(Object(App\Controllers\Confirm))
#4 C:\xampp\htdocs\animated-umbrella\system\CodeIgniter.php(317): CodeIgniter\CodeIgniter->handleRequest(NULL, Object(Config\Cache), false)
#5 C:\xampp\htdocs\animated-umbrella\public\index.php(37): CodeIgniter\CodeIgniter->run()
#6 {main}
CRITICAL - 2021-11-23 16:03:06 --> Call to undefined method App\Models\OrderModel::register
#0 C:\xampp\htdocs\animated-umbrella\app\Controllers\Confirm.php(38): CodeIgniter\Model->__call('register', Array)
#1 C:\xampp\htdocs\animated-umbrella\app\Controllers\Confirm.php(23): App\Controllers\Confirm->registerOrder(Array)
#2 C:\xampp\htdocs\animated-umbrella\system\CodeIgniter.php(802): App\Controllers\Confirm->register()
#3 C:\xampp\htdocs\animated-umbrella\system\CodeIgniter.php(399): CodeIgniter\CodeIgniter->runController(Object(App\Controllers\Confirm))
#4 C:\xampp\htdocs\animated-umbrella\system\CodeIgniter.php(317): CodeIgniter\CodeIgniter->handleRequest(NULL, Object(Config\Cache), false)
#5 C:\xampp\htdocs\animated-umbrella\public\index.php(37): CodeIgniter\CodeIgniter->run()
#6 {main}
CRITICAL - 2021-11-23 16:04:26 --> Allowed fields must be specified for model: App\Models\OrderModel
#0 C:\xampp\htdocs\animated-umbrella\system\BaseModel.php(1134): CodeIgniter\Database\Exceptions\DataException::forInvalidAllowedFields('App\\Models\\Orde...')
#1 C:\xampp\htdocs\animated-umbrella\system\BaseModel.php(841): CodeIgniter\BaseModel->doProtectFields(Array)
#2 C:\xampp\htdocs\animated-umbrella\system\Model.php(646): CodeIgniter\BaseModel->update(Array, Array)
#3 C:\xampp\htdocs\animated-umbrella\system\BaseModel.php(656): CodeIgniter\Model->update('619d656ac7b77', Array)
#4 C:\xampp\htdocs\animated-umbrella\app\Models\OrderModel.php(23): CodeIgniter\BaseModel->save(Array)
#5 C:\xampp\htdocs\animated-umbrella\app\Controllers\Confirm.php(38): App\Models\OrderModel->registerOrder(Array)
#6 C:\xampp\htdocs\animated-umbrella\app\Controllers\Confirm.php(23): App\Controllers\Confirm->registerOrder(Array)
#7 C:\xampp\htdocs\animated-umbrella\system\CodeIgniter.php(802): App\Controllers\Confirm->register()
#8 C:\xampp\htdocs\animated-umbrella\system\CodeIgniter.php(399): CodeIgniter\CodeIgniter->runController(Object(App\Controllers\Confirm))
#9 C:\xampp\htdocs\animated-umbrella\system\CodeIgniter.php(317): CodeIgniter\CodeIgniter->handleRequest(NULL, Object(Config\Cache), false)
#10 C:\xampp\htdocs\animated-umbrella\public\index.php(37): CodeIgniter\CodeIgniter->run()
#11 {main}
CRITICAL - 2021-11-23 16:11:49 --> Invalid argument supplied for foreach()
#0 C:\xampp\htdocs\animated-umbrella\app\Views\ConfirmPurchageView.php(59): CodeIgniter\Debug\Exceptions->errorHandler(2, 'Invalid argumen...', 'C:\\xampp\\htdocs...', 59, Array)
#1 C:\xampp\htdocs\animated-umbrella\system\View\View.php(214): include('C:\\xampp\\htdocs...')
#2 C:\xampp\htdocs\animated-umbrella\system\View\View.php(217): CodeIgniter\View\View->CodeIgniter\View\{closure}()
#3 C:\xampp\htdocs\animated-umbrella\system\Common.php(1092): CodeIgniter\View\View->render('ConfirmPurchage...', Array, true)
#4 C:\xampp\htdocs\animated-umbrella\app\Controllers\Confirm.php(15): view('ConfirmPurchage...', Array)
#5 C:\xampp\htdocs\animated-umbrella\system\CodeIgniter.php(802): App\Controllers\Confirm->index()
#6 C:\xampp\htdocs\animated-umbrella\system\CodeIgniter.php(399): CodeIgniter\CodeIgniter->runController(Object(App\Controllers\Confirm))
#7 C:\xampp\htdocs\animated-umbrella\system\CodeIgniter.php(317): CodeIgniter\CodeIgniter->handleRequest(NULL, Object(Config\Cache), false)
#8 C:\xampp\htdocs\animated-umbrella\public\index.php(37): CodeIgniter\CodeIgniter->run()
#9 {main}
CRITICAL - 2021-11-23 16:11:56 --> Invalid argument supplied for foreach()
#0 C:\xampp\htdocs\animated-umbrella\app\Views\ConfirmPurchageView.php(59): CodeIgniter\Debug\Exceptions->errorHandler(2, 'Invalid argumen...', 'C:\\xampp\\htdocs...', 59, Array)
#1 C:\xampp\htdocs\animated-umbrella\system\View\View.php(214): include('C:\\xampp\\htdocs...')
#2 C:\xampp\htdocs\animated-umbrella\system\View\View.php(217): CodeIgniter\View\View->CodeIgniter\View\{closure}()
#3 C:\xampp\htdocs\animated-umbrella\system\Common.php(1092): CodeIgniter\View\View->render('ConfirmPurchage...', Array, true)
#4 C:\xampp\htdocs\animated-umbrella\app\Controllers\Confirm.php(15): view('ConfirmPurchage...', Array)
#5 C:\xampp\htdocs\animated-umbrella\system\CodeIgniter.php(802): App\Controllers\Confirm->index()
#6 C:\xampp\htdocs\animated-umbrella\system\CodeIgniter.php(399): CodeIgniter\CodeIgniter->runController(Object(App\Controllers\Confirm))
#7 C:\xampp\htdocs\animated-umbrella\system\CodeIgniter.php(317): CodeIgniter\CodeIgniter->handleRequest(NULL, Object(Config\Cache), false)
#8 C:\xampp\htdocs\animated-umbrella\public\index.php(37): CodeIgniter\CodeIgniter->run()
#9 {main}
CRITICAL - 2021-11-23 16:12:01 --> Invalid argument supplied for foreach()
#0 C:\xampp\htdocs\animated-umbrella\app\Views\ConfirmPurchageView.php(59): CodeIgniter\Debug\Exceptions->errorHandler(2, 'Invalid argumen...', 'C:\\xampp\\htdocs...', 59, Array)
#1 C:\xampp\htdocs\animated-umbrella\system\View\View.php(214): include('C:\\xampp\\htdocs...')
#2 C:\xampp\htdocs\animated-umbrella\system\View\View.php(217): CodeIgniter\View\View->CodeIgniter\View\{closure}()
#3 C:\xampp\htdocs\animated-umbrella\system\Common.php(1092): CodeIgniter\View\View->render('ConfirmPurchage...', Array, true)
#4 C:\xampp\htdocs\animated-umbrella\app\Controllers\Confirm.php(15): view('ConfirmPurchage...', Array)
#5 C:\xampp\htdocs\animated-umbrella\system\CodeIgniter.php(802): App\Controllers\Confirm->index()
#6 C:\xampp\htdocs\animated-umbrella\system\CodeIgniter.php(399): CodeIgniter\CodeIgniter->runController(Object(App\Controllers\Confirm))
#7 C:\xampp\htdocs\animated-umbrella\system\CodeIgniter.php(317): CodeIgniter\CodeIgniter->handleRequest(NULL, Object(Config\Cache), false)
#8 C:\xampp\htdocs\animated-umbrella\public\index.php(37): CodeIgniter\CodeIgniter->run()
#9 {main}
ERROR - 2021-11-23 16:25:28 --> You have an error in your SQL syntax; check the manual that corresponds to your MariaDB server version for the right syntax to use near ''id' 'name', 'email','address','status')
        VALUES ('uniqid()',
      ...' at line 1
CRITICAL - 2021-11-23 16:31:50 --> A non-numeric value encountered
#0 C:\xampp\htdocs\animated-umbrella\app\Models\OrderModel.php(20): CodeIgniter\Debug\Exceptions->errorHandler(2, 'A non-numeric v...', 'C:\\xampp\\htdocs...', 20, Array)
#1 C:\xampp\htdocs\animated-umbrella\app\Controllers\Confirm.php(38): App\Models\OrderModel->registerOrder(Array)
#2 C:\xampp\htdocs\animated-umbrella\app\Controllers\Confirm.php(23): App\Controllers\Confirm->registerOrder(Array)
#3 C:\xampp\htdocs\animated-umbrella\system\CodeIgniter.php(802): App\Controllers\Confirm->register()
#4 C:\xampp\htdocs\animated-umbrella\system\CodeIgniter.php(399): CodeIgniter\CodeIgniter->runController(Object(App\Controllers\Confirm))
#5 C:\xampp\htdocs\animated-umbrella\system\CodeIgniter.php(317): CodeIgniter\CodeIgniter->handleRequest(NULL, Object(Config\Cache), false)
#6 C:\xampp\htdocs\animated-umbrella\public\index.php(37): CodeIgniter\CodeIgniter->run()
#7 {main}
CRITICAL - 2021-11-23 16:32:04 --> A non-numeric value encountered
#0 C:\xampp\htdocs\animated-umbrella\app\Models\OrderModel.php(21): CodeIgniter\Debug\Exceptions->errorHandler(2, 'A non-numeric v...', 'C:\\xampp\\htdocs...', 21, Array)
#1 C:\xampp\htdocs\animated-umbrella\app\Controllers\Confirm.php(38): App\Models\OrderModel->registerOrder(Array)
#2 C:\xampp\htdocs\animated-umbrella\app\Controllers\Confirm.php(23): App\Controllers\Confirm->registerOrder(Array)
#3 C:\xampp\htdocs\animated-umbrella\system\CodeIgniter.php(802): App\Controllers\Confirm->register()
#4 C:\xampp\htdocs\animated-umbrella\system\CodeIgniter.php(399): CodeIgniter\CodeIgniter->runController(Object(App\Controllers\Confirm))
#5 C:\xampp\htdocs\animated-umbrella\system\CodeIgniter.php(317): CodeIgniter\CodeIgniter->handleRequest(NULL, Object(Config\Cache), false)
#6 C:\xampp\htdocs\animated-umbrella\public\index.php(37): CodeIgniter\CodeIgniter->run()
#7 {main}
CRITICAL - 2021-11-23 16:33:51 --> A non-numeric value encountered
#0 C:\xampp\htdocs\animated-umbrella\app\Models\OrderModel.php(21): CodeIgniter\Debug\Exceptions->errorHandler(2, 'A non-numeric v...', 'C:\\xampp\\htdocs...', 21, Array)
#1 C:\xampp\htdocs\animated-umbrella\app\Controllers\Confirm.php(38): App\Models\OrderModel->registerOrder(Array)
#2 C:\xampp\htdocs\animated-umbrella\app\Controllers\Confirm.php(23): App\Controllers\Confirm->registerOrder(Array)
#3 C:\xampp\htdocs\animated-umbrella\system\CodeIgniter.php(802): App\Controllers\Confirm->register()
#4 C:\xampp\htdocs\animated-umbrella\system\CodeIgniter.php(399): CodeIgniter\CodeIgniter->runController(Object(App\Controllers\Confirm))
#5 C:\xampp\htdocs\animated-umbrella\system\CodeIgniter.php(317): CodeIgniter\CodeIgniter->handleRequest(NULL, Object(Config\Cache), false)
#6 C:\xampp\htdocs\animated-umbrella\public\index.php(37): CodeIgniter\CodeIgniter->run()
#7 {main}
ERROR - 2021-11-23 16:37:26 --> You have an error in your SQL syntax; check the manual that corresponds to your MariaDB server version for the right syntax to use near 'WHERE 1=1' at line 1
