CRITICAL - 2021-11-21 13:57:53 --> Too few arguments to function App\Controllers\Product::addCart(), 0 passed in C:\xampp\htdocs\animated-umbrella\system\CodeIgniter.php on line 802 and exactly 1 expected
#0 C:\xampp\htdocs\animated-umbrella\system\CodeIgniter.php(802): App\Controllers\Product->addCart()
#1 C:\xampp\htdocs\animated-umbrella\system\CodeIgniter.php(399): CodeIgniter\CodeIgniter->runController(Object(App\Controllers\Product))
#2 C:\xampp\htdocs\animated-umbrella\system\CodeIgniter.php(317): CodeIgniter\CodeIgniter->handleRequest(NULL, Object(Config\Cache), false)
#3 C:\xampp\htdocs\animated-umbrella\public\index.php(37): CodeIgniter\CodeIgniter->run()
#4 {main}
ERROR - 2021-11-21 13:59:47 --> Unknown column 'product.id' in 'where clause'
ERROR - 2021-11-21 14:00:05 --> Unknown column 'product.id' in 'where clause'
ERROR - 2021-11-21 14:05:26 --> Unknown column 'product.id' in 'where clause'
ERROR - 2021-11-21 14:05:33 --> Unknown column 'product.id' in 'where clause'
ERROR - 2021-11-21 14:07:17 --> Unknown column 'product.id' in 'where clause'
ERROR - 2021-11-21 14:08:11 --> Unknown column 'product.id' in 'where clause'
CRITICAL - 2021-11-21 14:11:48 --> Cannot use object of type CodeIgniter\Database\MySQLi\Result as array
#0 C:\xampp\htdocs\animated-umbrella\app\Controllers\Product.php(23): App\Models\CartModel->addItem('1')
#1 C:\xampp\htdocs\animated-umbrella\system\CodeIgniter.php(802): App\Controllers\Product->addCart()
#2 C:\xampp\htdocs\animated-umbrella\system\CodeIgniter.php(399): CodeIgniter\CodeIgniter->runController(Object(App\Controllers\Product))
#3 C:\xampp\htdocs\animated-umbrella\system\CodeIgniter.php(317): CodeIgniter\CodeIgniter->handleRequest(NULL, Object(Config\Cache), false)
#4 C:\xampp\htdocs\animated-umbrella\public\index.php(37): CodeIgniter\CodeIgniter->run()
#5 {main}
CRITICAL - 2021-11-21 14:12:14 --> Cannot use object of type CodeIgniter\Database\MySQLi\Result as array
#0 C:\xampp\htdocs\animated-umbrella\app\Controllers\Product.php(23): App\Models\CartModel->addItem('6')
#1 C:\xampp\htdocs\animated-umbrella\system\CodeIgniter.php(802): App\Controllers\Product->addCart()
#2 C:\xampp\htdocs\animated-umbrella\system\CodeIgniter.php(399): CodeIgniter\CodeIgniter->runController(Object(App\Controllers\Product))
#3 C:\xampp\htdocs\animated-umbrella\system\CodeIgniter.php(317): CodeIgniter\CodeIgniter->handleRequest(NULL, Object(Config\Cache), false)
#4 C:\xampp\htdocs\animated-umbrella\public\index.php(37): CodeIgniter\CodeIgniter->run()
#5 {main}
CRITICAL - 2021-11-21 14:13:12 --> Object of class CodeIgniter\Database\MySQLi\Result could not be converted to string
#0 C:\xampp\htdocs\animated-umbrella\app\Models\CartModel.php(21): CodeIgniter\Debug\Exceptions->errorHandler(4096, 'Object of class...', 'C:\\xampp\\htdocs...', 21, Array)
#1 C:\xampp\htdocs\animated-umbrella\app\Controllers\Product.php(23): App\Models\CartModel->addItem('6')
#2 C:\xampp\htdocs\animated-umbrella\system\CodeIgniter.php(802): App\Controllers\Product->addCart()
#3 C:\xampp\htdocs\animated-umbrella\system\CodeIgniter.php(399): CodeIgniter\CodeIgniter->runController(Object(App\Controllers\Product))
#4 C:\xampp\htdocs\animated-umbrella\system\CodeIgniter.php(317): CodeIgniter\CodeIgniter->handleRequest(NULL, Object(Config\Cache), false)
#5 C:\xampp\htdocs\animated-umbrella\public\index.php(37): CodeIgniter\CodeIgniter->run()
#6 {main}
CRITICAL - 2021-11-21 14:13:30 --> Cannot use object of type CodeIgniter\Database\MySQLi\Result as array
#0 C:\xampp\htdocs\animated-umbrella\app\Controllers\Product.php(23): App\Models\CartModel->addItem('1')
#1 C:\xampp\htdocs\animated-umbrella\system\CodeIgniter.php(802): App\Controllers\Product->addCart()
#2 C:\xampp\htdocs\animated-umbrella\system\CodeIgniter.php(399): CodeIgniter\CodeIgniter->runController(Object(App\Controllers\Product))
#3 C:\xampp\htdocs\animated-umbrella\system\CodeIgniter.php(317): CodeIgniter\CodeIgniter->handleRequest(NULL, Object(Config\Cache), false)
#4 C:\xampp\htdocs\animated-umbrella\public\index.php(37): CodeIgniter\CodeIgniter->run()
#5 {main}
CRITICAL - 2021-11-21 14:18:57 --> Cannot use object of type CodeIgniter\Database\MySQLi\Result as array
#0 C:\xampp\htdocs\animated-umbrella\app\Controllers\Product.php(23): App\Models\CartModel->addItem('1')
#1 C:\xampp\htdocs\animated-umbrella\system\CodeIgniter.php(802): App\Controllers\Product->addCart()
#2 C:\xampp\htdocs\animated-umbrella\system\CodeIgniter.php(399): CodeIgniter\CodeIgniter->runController(Object(App\Controllers\Product))
#3 C:\xampp\htdocs\animated-umbrella\system\CodeIgniter.php(317): CodeIgniter\CodeIgniter->handleRequest(NULL, Object(Config\Cache), false)
#4 C:\xampp\htdocs\animated-umbrella\public\index.php(37): CodeIgniter\CodeIgniter->run()
#5 {main}
CRITICAL - 2021-11-21 14:19:46 --> Cannot use object of type stdClass as array
#0 C:\xampp\htdocs\animated-umbrella\app\Controllers\Product.php(23): App\Models\CartModel->addItem('6')
#1 C:\xampp\htdocs\animated-umbrella\system\CodeIgniter.php(802): App\Controllers\Product->addCart()
#2 C:\xampp\htdocs\animated-umbrella\system\CodeIgniter.php(399): CodeIgniter\CodeIgniter->runController(Object(App\Controllers\Product))
#3 C:\xampp\htdocs\animated-umbrella\system\CodeIgniter.php(317): CodeIgniter\CodeIgniter->handleRequest(NULL, Object(Config\Cache), false)
#4 C:\xampp\htdocs\animated-umbrella\public\index.php(37): CodeIgniter\CodeIgniter->run()
#5 {main}
CRITICAL - 2021-11-21 14:52:54 --> Call to undefined method App\Models\CartModel::findAlll
#0 C:\xampp\htdocs\animated-umbrella\app\Controllers\Cart.php(13): CodeIgniter\Model->__call('findAlll', Array)
#1 C:\xampp\htdocs\animated-umbrella\system\CodeIgniter.php(802): App\Controllers\Cart->index()
#2 C:\xampp\htdocs\animated-umbrella\system\CodeIgniter.php(399): CodeIgniter\CodeIgniter->runController(Object(App\Controllers\Cart))
#3 C:\xampp\htdocs\animated-umbrella\system\CodeIgniter.php(317): CodeIgniter\CodeIgniter->handleRequest(NULL, Object(Config\Cache), false)
#4 C:\xampp\htdocs\animated-umbrella\public\index.php(37): CodeIgniter\CodeIgniter->run()
#5 {main}
CRITICAL - 2021-11-21 14:58:43 --> Invalid argument supplied for foreach()
#0 C:\xampp\htdocs\animated-umbrella\app\Views\CartView.php(39): CodeIgniter\Debug\Exceptions->errorHandler(2, 'Invalid argumen...', 'C:\\xampp\\htdocs...', 39, Array)
#1 C:\xampp\htdocs\animated-umbrella\system\View\View.php(214): include('C:\\xampp\\htdocs...')
#2 C:\xampp\htdocs\animated-umbrella\system\View\View.php(217): CodeIgniter\View\View->CodeIgniter\View\{closure}()
#3 C:\xampp\htdocs\animated-umbrella\system\Common.php(1092): CodeIgniter\View\View->render('CartView', Array, true)
#4 C:\xampp\htdocs\animated-umbrella\app\Controllers\Cart.php(32): view('CartView', Array)
#5 C:\xampp\htdocs\animated-umbrella\system\CodeIgniter.php(802): App\Controllers\Cart->index()
#6 C:\xampp\htdocs\animated-umbrella\system\CodeIgniter.php(399): CodeIgniter\CodeIgniter->runController(Object(App\Controllers\Cart))
#7 C:\xampp\htdocs\animated-umbrella\system\CodeIgniter.php(317): CodeIgniter\CodeIgniter->handleRequest(NULL, Object(Config\Cache), false)
#8 C:\xampp\htdocs\animated-umbrella\public\index.php(37): CodeIgniter\CodeIgniter->run()
#9 {main}
CRITICAL - 2021-11-21 15:00:52 --> count(): Parameter must be an array or an object that implements Countable
#0 C:\xampp\htdocs\animated-umbrella\app\Views\CartView.php(39): CodeIgniter\Debug\Exceptions->errorHandler(2, 'count(): Parame...', 'C:\\xampp\\htdocs...', 39, Array)
#1 C:\xampp\htdocs\animated-umbrella\system\View\View.php(214): include('C:\\xampp\\htdocs...')
#2 C:\xampp\htdocs\animated-umbrella\system\View\View.php(217): CodeIgniter\View\View->CodeIgniter\View\{closure}()
#3 C:\xampp\htdocs\animated-umbrella\system\Common.php(1092): CodeIgniter\View\View->render('CartView', Array, true)
#4 C:\xampp\htdocs\animated-umbrella\app\Controllers\Cart.php(32): view('CartView', Array)
#5 C:\xampp\htdocs\animated-umbrella\system\CodeIgniter.php(802): App\Controllers\Cart->index()
#6 C:\xampp\htdocs\animated-umbrella\system\CodeIgniter.php(399): CodeIgniter\CodeIgniter->runController(Object(App\Controllers\Cart))
#7 C:\xampp\htdocs\animated-umbrella\system\CodeIgniter.php(317): CodeIgniter\CodeIgniter->handleRequest(NULL, Object(Config\Cache), false)
#8 C:\xampp\htdocs\animated-umbrella\public\index.php(37): CodeIgniter\CodeIgniter->run()
#9 {main}
CRITICAL - 2021-11-21 15:02:18 --> Invalid argument supplied for foreach()
#0 C:\xampp\htdocs\animated-umbrella\app\Views\CartView.php(39): CodeIgniter\Debug\Exceptions->errorHandler(2, 'Invalid argumen...', 'C:\\xampp\\htdocs...', 39, Array)
#1 C:\xampp\htdocs\animated-umbrella\system\View\View.php(214): include('C:\\xampp\\htdocs...')
#2 C:\xampp\htdocs\animated-umbrella\system\View\View.php(217): CodeIgniter\View\View->CodeIgniter\View\{closure}()
#3 C:\xampp\htdocs\animated-umbrella\system\Common.php(1092): CodeIgniter\View\View->render('CartView', Array, true)
#4 C:\xampp\htdocs\animated-umbrella\app\Controllers\Cart.php(32): view('CartView', Array)
#5 C:\xampp\htdocs\animated-umbrella\system\CodeIgniter.php(802): App\Controllers\Cart->index()
#6 C:\xampp\htdocs\animated-umbrella\system\CodeIgniter.php(399): CodeIgniter\CodeIgniter->runController(Object(App\Controllers\Cart))
#7 C:\xampp\htdocs\animated-umbrella\system\CodeIgniter.php(317): CodeIgniter\CodeIgniter->handleRequest(NULL, Object(Config\Cache), false)
#8 C:\xampp\htdocs\animated-umbrella\public\index.php(37): CodeIgniter\CodeIgniter->run()
#9 {main}
CRITICAL - 2021-11-21 15:08:03 --> Invalid argument supplied for foreach()
#0 C:\xampp\htdocs\animated-umbrella\app\Views\CartView.php(39): CodeIgniter\Debug\Exceptions->errorHandler(2, 'Invalid argumen...', 'C:\\xampp\\htdocs...', 39, Array)
#1 C:\xampp\htdocs\animated-umbrella\system\View\View.php(214): include('C:\\xampp\\htdocs...')
#2 C:\xampp\htdocs\animated-umbrella\system\View\View.php(217): CodeIgniter\View\View->CodeIgniter\View\{closure}()
#3 C:\xampp\htdocs\animated-umbrella\system\Common.php(1092): CodeIgniter\View\View->render('CartView', Array, true)
#4 C:\xampp\htdocs\animated-umbrella\app\Controllers\Cart.php(32): view('CartView', Array)
#5 C:\xampp\htdocs\animated-umbrella\system\CodeIgniter.php(802): App\Controllers\Cart->index()
#6 C:\xampp\htdocs\animated-umbrella\system\CodeIgniter.php(399): CodeIgniter\CodeIgniter->runController(Object(App\Controllers\Cart))
#7 C:\xampp\htdocs\animated-umbrella\system\CodeIgniter.php(317): CodeIgniter\CodeIgniter->handleRequest(NULL, Object(Config\Cache), false)
#8 C:\xampp\htdocs\animated-umbrella\public\index.php(37): CodeIgniter\CodeIgniter->run()
#9 {main}
CRITICAL - 2021-11-21 15:09:33 --> Invalid argument supplied for foreach()
#0 C:\xampp\htdocs\animated-umbrella\app\Views\CartView.php(54): CodeIgniter\Debug\Exceptions->errorHandler(2, 'Invalid argumen...', 'C:\\xampp\\htdocs...', 54, Array)
#1 C:\xampp\htdocs\animated-umbrella\system\View\View.php(214): include('C:\\xampp\\htdocs...')
#2 C:\xampp\htdocs\animated-umbrella\system\View\View.php(217): CodeIgniter\View\View->CodeIgniter\View\{closure}()
#3 C:\xampp\htdocs\animated-umbrella\system\Common.php(1092): CodeIgniter\View\View->render('CartView', Array, true)
#4 C:\xampp\htdocs\animated-umbrella\app\Controllers\Cart.php(32): view('CartView', Array)
#5 C:\xampp\htdocs\animated-umbrella\system\CodeIgniter.php(802): App\Controllers\Cart->index()
#6 C:\xampp\htdocs\animated-umbrella\system\CodeIgniter.php(399): CodeIgniter\CodeIgniter->runController(Object(App\Controllers\Cart))
#7 C:\xampp\htdocs\animated-umbrella\system\CodeIgniter.php(317): CodeIgniter\CodeIgniter->handleRequest(NULL, Object(Config\Cache), false)
#8 C:\xampp\htdocs\animated-umbrella\public\index.php(37): CodeIgniter\CodeIgniter->run()
#9 {main}
ERROR - 2021-11-21 16:01:37 --> You have an error in your SQL syntax; check the manual that corresponds to your MariaDB server version for the right syntax to use near ')' at line 2
ERROR - 2021-11-21 16:04:24 --> You have an error in your SQL syntax; check the manual that corresponds to your MariaDB server version for the right syntax to use near ')' at line 2
